STEP to UG
! INFO-     NX STEP AP203 - V11.0
! INFO-      
! INFO-     Start of Translation: 10-APR-2022  10:29:07 PM
! INFO-      
! STATUS-   Converting Part: C:\Users\guven.DESKTOP-V3HIPD7\Desktop\4.Sınıf 2.Dönem (Final Act (Hopefully))\ME462\Charge Station\Telescopic\spool.step
! SUMMARY-   
! SUMMARY-    STEP Header Information
! SUMMARY-   
! SUMMARY-  Description      Unknown
! SUMMARY-  Imp_Level        2;1
! SUMMARY-  File_Name        C:/Users/Gregor/OneDrive/Documents/CAD_modelle/fusion360/modell/filament_spool/spool.step
! SUMMARY-  Date             2021-05-11T22:00:21+02:00
! SUMMARY-  Author           Unknown
! SUMMARY-  Organization     Unknown
! SUMMARY-  Pre_Version      ST-DEVELOPER v18.1
! SUMMARY-  Orig_System      Autodesk Translation Framework v10.6.0.1341
! SUMMARY-  Authorization    Unknown
! SUMMARY-  Schema_ID        automotive_design
! SUMMARY-   
! SUMMARY-    Summary of STEP Entities
! SUMMARY-   
! SUMMARY-  Entity Type                                                   Count
! SUMMARY-  -----------                                                   ------
! SUMMARY-  advanced_brep_shape_representation .........................:      1
! SUMMARY-  advanced_face ..............................................:     53
! SUMMARY-  application_context ........................................:      1
! SUMMARY-  application_protocol_definition ............................:      1
! SUMMARY-  axis2_placement_3d .........................................:     80
! SUMMARY-  b_spline_curve_with_knots ..................................:     37
! SUMMARY-  b_spline_surface_with_knots ................................:     16
! SUMMARY-  cartesian_point ............................................:   3657
! SUMMARY-  circle .....................................................:     42
! SUMMARY-  closed_shell ...............................................:      1
! SUMMARY-  conical_surface ............................................:      4
! SUMMARY-  cylindrical_surface ........................................:     24
! SUMMARY-  direction ..................................................:    191
! SUMMARY-  edge_curve .................................................:    110
! SUMMARY-  edge_loop ..................................................:     70
! SUMMARY-  face_bound .................................................:     17
! SUMMARY-  face_outer_bound ...........................................:     53
! SUMMARY-  geometric_representation_context_and_global_uncertainty_a ..:      2
! SUMMARY-  length_unit_and_si_unit ....................................:      2
! SUMMARY-  line .......................................................:     31
! SUMMARY-  manifold_solid_brep ........................................:      1
! SUMMARY-  mass_unit ..................................................:      1
! SUMMARY-  oriented_edge ..............................................:    220
! SUMMARY-  plane ......................................................:      7
! SUMMARY-  plane_angle_unit_and_si_unit ...............................:      1
! SUMMARY-  product ....................................................:      1
! SUMMARY-  product_context ............................................:      1
! SUMMARY-  product_definition .........................................:      1
! SUMMARY-  product_definition_context .................................:      1
! SUMMARY-  product_definition_formation ...............................:      1
! SUMMARY-  product_definition_shape ...................................:      1
! SUMMARY-  product_related_product_category ...........................:      1
! SUMMARY-  property_definition ........................................:      2
! SUMMARY-  property_definition_representation .........................:      2
! SUMMARY-  representation .............................................:      2
! SUMMARY-  shape_definition_representation ............................:      1
! SUMMARY-  shape_representation .......................................:      1
! SUMMARY-  shape_representation_relationship ..........................:      1
! SUMMARY-  si_unit_and_solid_angle_unit ...............................:      1
! SUMMARY-  toroidal_surface ...........................................:      2
! SUMMARY-  uncertainty_measure_with_unit ..............................:      2
! SUMMARY-  vector .....................................................:     31
! SUMMARY-  vertex_point ...............................................:     66
! SUMMARY-                                                               -------
! SUMMARY-  Total                                                           4741
! STATUS-    
! STATUS-   Converting to Output Form (Phase 2 of 3): 10-APR-2022 10:29:07 PM
! STATUS-    
! STATUS-    
! STATUS-   Generating UG geometry and placing them in parts
! STATUS-    
! STATUS-   Creating the UG part (Phase 3 of 3): 10-APR-2022  10:29:07 PM
! STATUS-    
! STATUS-   Creating UG solid body from Input Ent Id 14
! STATUS-    
! STATUS-   fixing vertex off curve and/or edge reversed faults
! STATUS-    
! STATUS-   fixing vertex and/or edge off surface faults
! STATUS-    
! STATUS-   simplifying Bsplines to analytics
! STATUS-    
! STATUS-   converting tolerant edges into exact edges
! STATUS-    
! STATUS-   doing final check of body to report any faults
! STATUS-    
! INFO-     Filing Part ..: C:\Users\guven.DESKTOP-V3HIPD7\Desktop\4.Sınıf 2.Dönem (Final Act (Hopefully))\ME462\Charge Station\Telescopic\spool_step.prt
! SUMMARY-   
! SUMMARY-  Summary of Unigraphics Part Entities
! SUMMARY-   
! SUMMARY-  Entities Processed             Count
! SUMMARY-  ------------------             -----
! SUMMARY-  Solid .......................:     1
! SUMMARY-                                 -----
! SUMMARY-  Total                              1
! INFO-      
! INFO-     Total number of solids input for this translation       :         1
! INFO-      
! INFO-     Number of solids created without body validation faults :         1
! INFO-      
! INFO-     Number of solids created with body validation fault(s)  :         0
! INFO-      
! INFO-     Number of solids ending up as sheet bodies              :         0
! INFO-      
! INFO-     End of Translation: 10-APR-2022  10:29:08 PM
! INFO-      
